<?xml version="1.0" encoding="UTF-8" standalone="no"?>
<testsuite errors="0" failures="2" name="io.cucumber.core.plugin.JUnitFormatter" skipped="0" tests="6" time="0.3">
<testcase classname="portal Login" name="Home page default login" time="0.079">
<failure message="&quot;User login into application with &quot;jin&quot; and password &quot;1234&quot;&quot; matches more than one step definition:&#10;  &quot;User login into application with {string} and password {string}&quot; in stepDefinations.StepDefination.user_login_into_application_with_and_password(java.lang.String,java.lang.String)&#10;  &quot;^User login into application with (.+) and password (.+)$&quot; in stepDefinations.StepDefination.user_login_into_application_with_and_password1(java.lang.String,java.lang.String)" type="io.cucumber.core.runner.AmbiguousStepDefinitionsException"><![CDATA[Given validate the browser..................................................passed
When Browser is triggered...................................................passed
Then check if browser is started............................................passed
Given User is on NetBanking landing page....................................passed
When User login into application with "jin" and password "1234".............ambiguous
Then Home page is populated.................................................skipped
And Cards displayed are "true"..............................................skipped

StackTrace:
io.cucumber.core.runner.AmbiguousStepDefinitionsException: "User login into application with "jin" and password "1234"" matches more than one step definition:
  "User login into application with {string} and password {string}" in stepDefinations.StepDefination.user_login_into_application_with_and_password(java.lang.String,java.lang.String)
  "^User login into application with (.+) and password (.+)$" in stepDefinations.StepDefination.user_login_into_application_with_and_password1(java.lang.String,java.lang.String)
	at io.cucumber.core.runner.CachingGlue.findStepDefinitionMatch(CachingGlue.java:402)
	at io.cucumber.core.runner.CachingGlue.stepDefinitionMatch(CachingGlue.java:370)
	at io.cucumber.core.runner.Runner.matchStepToStepDefinition(Runner.java:183)
	at io.cucumber.core.runner.Runner.createTestStepsForPickleSteps(Runner.java:163)
	at io.cucumber.core.runner.Runner.createTestCaseForPickle(Runner.java:146)
	at io.cucumber.core.runner.Runner.runPickle(Runner.java:74)
	at io.cucumber.junit.PickleRunners$NoStepDescriptions.lambda$run$0(PickleRunners.java:151)
	at io.cucumber.core.runtime.CucumberExecutionContext.lambda$runTestCase$3(CucumberExecutionContext.java:110)
	at io.cucumber.core.runtime.RethrowingThrowableCollector.executeAndThrow(RethrowingThrowableCollector.java:23)
	at io.cucumber.core.runtime.CucumberExecutionContext.runTestCase(CucumberExecutionContext.java:110)
	at io.cucumber.junit.PickleRunners$NoStepDescriptions.run(PickleRunners.java:148)
	at io.cucumber.junit.FeatureRunner.runChild(FeatureRunner.java:144)
	at io.cucumber.junit.FeatureRunner.runChild(FeatureRunner.java:28)
	at org.junit.runners.ParentRunner$4.run(ParentRunner.java:331)
	at org.junit.runners.ParentRunner$1.schedule(ParentRunner.java:79)
	at org.junit.runners.ParentRunner.runChildren(ParentRunner.java:329)
	at org.junit.runners.ParentRunner.access$100(ParentRunner.java:66)
	at org.junit.runners.ParentRunner$2.evaluate(ParentRunner.java:293)
	at org.junit.runners.ParentRunner$3.evaluate(ParentRunner.java:306)
	at org.junit.runners.ParentRunner.run(ParentRunner.java:413)
	at io.cucumber.junit.FeatureRunner.run(FeatureRunner.java:137)
	at io.cucumber.junit.Cucumber.runChild(Cucumber.java:196)
	at io.cucumber.junit.Cucumber.runChild(Cucumber.java:89)
	at org.junit.runners.ParentRunner$4.run(ParentRunner.java:331)
	at org.junit.runners.ParentRunner$1.schedule(ParentRunner.java:79)
	at org.junit.runners.ParentRunner.runChildren(ParentRunner.java:329)
	at org.junit.runners.ParentRunner.access$100(ParentRunner.java:66)
	at org.junit.runners.ParentRunner$2.evaluate(ParentRunner.java:293)
	at io.cucumber.junit.Cucumber$RunBeforeAllHooks.evaluate(Cucumber.java:266)
	at io.cucumber.junit.Cucumber$RunAfterAllHooks.evaluate(Cucumber.java:281)
	at io.cucumber.junit.Cucumber$StartTestRun.evaluate(Cucumber.java:233)
	at io.cucumber.junit.Cucumber$FinishTestRun.evaluate(Cucumber.java:248)
	at org.junit.runners.ParentRunner$3.evaluate(ParentRunner.java:306)
	at org.junit.runners.ParentRunner.run(ParentRunner.java:413)
	at org.eclipse.jdt.internal.junit4.runner.JUnit4TestReference.run(JUnit4TestReference.java:93)
	at org.eclipse.jdt.internal.junit.runner.TestExecution.run(TestExecution.java:40)
	at org.eclipse.jdt.internal.junit.runner.RemoteTestRunner.runTests(RemoteTestRunner.java:529)
	at org.eclipse.jdt.internal.junit.runner.RemoteTestRunner.runTests(RemoteTestRunner.java:756)
	at org.eclipse.jdt.internal.junit.runner.RemoteTestRunner.run(RemoteTestRunner.java:452)
	at org.eclipse.jdt.internal.junit.runner.RemoteTestRunner.main(RemoteTestRunner.java:210)
]]></failure>
</testcase>
<testcase classname="portal Login" name="Home page default login 2" time="0.006">
<failure message="&quot;User login into application with &quot;john&quot; and password  &quot;4321&quot;&quot; matches more than one step definition:&#10;  &quot;^User login into application with &quot;([^&quot;]*)&quot; and password  &quot;([^&quot;]*)&quot;$&quot; in stepDefinations.StepDefination.user_login_into_application_with_something_and_password_something(java.lang.String,java.lang.String)&#10;  &quot;^User login into application with (.+) and password (.+)$&quot; in stepDefinations.StepDefination.user_login_into_application_with_and_password1(java.lang.String,java.lang.String)" type="io.cucumber.core.runner.AmbiguousStepDefinitionsException"><![CDATA[Given validate the browser..................................................passed
When Browser is triggered...................................................passed
Then check if browser is started............................................passed
Given User is on NetBanking landing page....................................passed
When User login into application with "john" and password  "4321"...........ambiguous
Then Error message should be displayed......................................skipped
And cards displayed are "false".............................................skipped

StackTrace:
io.cucumber.core.runner.AmbiguousStepDefinitionsException: "User login into application with "john" and password  "4321"" matches more than one step definition:
  "^User login into application with "([^"]*)" and password  "([^"]*)"$" in stepDefinations.StepDefination.user_login_into_application_with_something_and_password_something(java.lang.String,java.lang.String)
  "^User login into application with (.+) and password (.+)$" in stepDefinations.StepDefination.user_login_into_application_with_and_password1(java.lang.String,java.lang.String)
	at io.cucumber.core.runner.CachingGlue.findStepDefinitionMatch(CachingGlue.java:402)
	at io.cucumber.core.runner.CachingGlue.stepDefinitionMatch(CachingGlue.java:370)
	at io.cucumber.core.runner.Runner.matchStepToStepDefinition(Runner.java:183)
	at io.cucumber.core.runner.Runner.createTestStepsForPickleSteps(Runner.java:163)
	at io.cucumber.core.runner.Runner.createTestCaseForPickle(Runner.java:146)
	at io.cucumber.core.runner.Runner.runPickle(Runner.java:74)
	at io.cucumber.junit.PickleRunners$NoStepDescriptions.lambda$run$0(PickleRunners.java:151)
	at io.cucumber.core.runtime.CucumberExecutionContext.lambda$runTestCase$3(CucumberExecutionContext.java:110)
	at io.cucumber.core.runtime.RethrowingThrowableCollector.executeAndThrow(RethrowingThrowableCollector.java:23)
	at io.cucumber.core.runtime.CucumberExecutionContext.runTestCase(CucumberExecutionContext.java:110)
	at io.cucumber.junit.PickleRunners$NoStepDescriptions.run(PickleRunners.java:148)
	at io.cucumber.junit.FeatureRunner.runChild(FeatureRunner.java:144)
	at io.cucumber.junit.FeatureRunner.runChild(FeatureRunner.java:28)
	at org.junit.runners.ParentRunner$4.run(ParentRunner.java:331)
	at org.junit.runners.ParentRunner$1.schedule(ParentRunner.java:79)
	at org.junit.runners.ParentRunner.runChildren(ParentRunner.java:329)
	at org.junit.runners.ParentRunner.access$100(ParentRunner.java:66)
	at org.junit.runners.ParentRunner$2.evaluate(ParentRunner.java:293)
	at org.junit.runners.ParentRunner$3.evaluate(ParentRunner.java:306)
	at org.junit.runners.ParentRunner.run(ParentRunner.java:413)
	at io.cucumber.junit.FeatureRunner.run(FeatureRunner.java:137)
	at io.cucumber.junit.Cucumber.runChild(Cucumber.java:196)
	at io.cucumber.junit.Cucumber.runChild(Cucumber.java:89)
	at org.junit.runners.ParentRunner$4.run(ParentRunner.java:331)
	at org.junit.runners.ParentRunner$1.schedule(ParentRunner.java:79)
	at org.junit.runners.ParentRunner.runChildren(ParentRunner.java:329)
	at org.junit.runners.ParentRunner.access$100(ParentRunner.java:66)
	at org.junit.runners.ParentRunner$2.evaluate(ParentRunner.java:293)
	at io.cucumber.junit.Cucumber$RunBeforeAllHooks.evaluate(Cucumber.java:266)
	at io.cucumber.junit.Cucumber$RunAfterAllHooks.evaluate(Cucumber.java:281)
	at io.cucumber.junit.Cucumber$StartTestRun.evaluate(Cucumber.java:233)
	at io.cucumber.junit.Cucumber$FinishTestRun.evaluate(Cucumber.java:248)
	at org.junit.runners.ParentRunner$3.evaluate(ParentRunner.java:306)
	at org.junit.runners.ParentRunner.run(ParentRunner.java:413)
	at org.eclipse.jdt.internal.junit4.runner.JUnit4TestReference.run(JUnit4TestReference.java:93)
	at org.eclipse.jdt.internal.junit.runner.TestExecution.run(TestExecution.java:40)
	at org.eclipse.jdt.internal.junit.runner.RemoteTestRunner.runTests(RemoteTestRunner.java:529)
	at org.eclipse.jdt.internal.junit.runner.RemoteTestRunner.runTests(RemoteTestRunner.java:756)
	at org.eclipse.jdt.internal.junit.runner.RemoteTestRunner.run(RemoteTestRunner.java:452)
	at org.eclipse.jdt.internal.junit.runner.RemoteTestRunner.main(RemoteTestRunner.java:210)
]]></failure>
</testcase>
<testcase classname="portal Login" name="Home page default login 3" time="0.007">
<system-out><![CDATA[Given validate the browser..................................................passed
When Browser is triggered...................................................passed
Then check if browser is started............................................passed
Given User is on NetBanking landing page....................................passed
When User sign up with following details....................................passed
Then Error message should be displayed......................................passed
And cards displayed are "false".............................................passed
]]></system-out>
</testcase>
<testcase classname="portal Login" name="Home page default login 4" time="0.002">
<system-out><![CDATA[Given validate the browser..................................................passed
When Browser is triggered...................................................passed
Then check if browser is started............................................passed
Given User is on NetBanking landing page....................................passed
When User login into application with user1 and password pass1..............passed
Then Home page is populated.................................................passed
And cards displayed are "True"..............................................passed
]]></system-out>
</testcase>
<testcase classname="portal Login" name="Home page default login 5" time="0.002">
<system-out><![CDATA[Given validate the browser..................................................passed
When Browser is triggered...................................................passed
Then check if browser is started............................................passed
Given User is on NetBanking landing page....................................passed
When User login into application with user2 and password pass2..............passed
Then Home page is populated.................................................passed
And cards displayed are "True"..............................................passed
]]></system-out>
</testcase>
<testcase classname="portal Login" name="Home page default login 6" time="0.003">
<system-out><![CDATA[Given validate the browser..................................................passed
When Browser is triggered...................................................passed
Then check if browser is started............................................passed
Given User is on NetBanking landing page....................................passed
When User login into application with user3 and password pass3..............passed
Then Home page is populated.................................................passed
And cards displayed are "True"..............................................passed
]]></system-out>
</testcase>
</testsuite>
